[0.016s] Invoking command in '/home/sherlock/Documents/ros_ws/build/my_robot': CMAKE_PREFIX_PATH=${CMAKE_PREFIX_PATH}:/home/sherlock/Desktop/ros2_ws/install/turtlesim_catch_them_all:/home/sherlock/Desktop/ros2_ws/install/sherlock_package:/home/sherlock/Desktop/ros2_ws/install/my_py_pkg:/home/sherlock/Desktop/ros2_ws/install/my_robot:/opt/ros/humble /usr/bin/cmake /home/sherlock/Documents/ros_ws/src/my_robot -DAMENT_CMAKE_SYMLINK_INSTALL=1 -DCMAKE_INSTALL_PREFIX=/home/sherlock/Documents/ros_ws/install/my_robot
[0.174s] -- The C compiler identification is GNU 11.4.0
[0.348s] -- The CXX compiler identification is GNU 11.4.0
[0.364s] -- Detecting C compiler ABI info
[0.485s] -- Detecting C compiler ABI info - done
[0.497s] -- Check for working C compiler: /usr/bin/cc - skipped
[0.497s] -- Detecting C compile features
[0.498s] -- Detecting C compile features - done
[0.504s] -- Detecting CXX compiler ABI info
[0.632s] -- Detecting CXX compiler ABI info - done
[0.645s] -- Check for working CXX compiler: /usr/bin/c++ - skipped
[0.645s] -- Detecting CXX compile features
[0.646s] -- Detecting CXX compile features - done
[0.653s] -- Found ament_cmake: 1.3.8 (/opt/ros/humble/share/ament_cmake/cmake)
[0.876s] -- Found Python3: /usr/bin/python3 (found version "3.10.12") found components: Interpreter 
[0.969s] -- Override CMake install command with custom implementation using symlinks instead of copying resources
[1.153s] [31mCMake Error at /opt/ros/humble/share/ament_cmake_core/cmake/core/ament_package_xml.cmake:53 (message):
[1.153s]   ament_package_xml() package name 'my_robot' in '/package.xml' does not
[1.153s]   match current PROJECT_NAME 'my_robot_description'.  You must call project()
[1.153s]   with the same package name before.
[1.153s] Call Stack (most recent call first):
[1.153s]   /opt/ros/humble/share/ament_cmake_core/cmake/core/ament_package.cmake:63 (ament_package_xml)
[1.154s]   CMakeLists.txt:16 (ament_package)
[1.154s] 
[1.154s] [0m
[1.154s] -- Configuring incomplete, errors occurred!
[1.154s] See also "/home/sherlock/Documents/ros_ws/build/my_robot/CMakeFiles/CMakeOutput.log".
[1.159s] Invoked command in '/home/sherlock/Documents/ros_ws/build/my_robot' returned '1': CMAKE_PREFIX_PATH=${CMAKE_PREFIX_PATH}:/home/sherlock/Desktop/ros2_ws/install/turtlesim_catch_them_all:/home/sherlock/Desktop/ros2_ws/install/sherlock_package:/home/sherlock/Desktop/ros2_ws/install/my_py_pkg:/home/sherlock/Desktop/ros2_ws/install/my_robot:/opt/ros/humble /usr/bin/cmake /home/sherlock/Documents/ros_ws/src/my_robot -DAMENT_CMAKE_SYMLINK_INSTALL=1 -DCMAKE_INSTALL_PREFIX=/home/sherlock/Documents/ros_ws/install/my_robot
