[0.142s] DEBUG:colcon:Command line arguments: ['/usr/bin/colcon', 'build', '--symlink-install']
[0.142s] DEBUG:colcon:Parsed command line arguments: Namespace(log_base=None, log_level=None, verb_name='build', build_base='build', install_base='install', merge_install=False, symlink_install=True, test_result_base=None, continue_on_error=False, executor='parallel', parallel_workers=4, event_handlers=None, ignore_user_meta=False, metas=['./colcon.meta'], base_paths=['.'], packages_ignore=None, packages_ignore_regex=None, paths=None, packages_up_to=None, packages_up_to_regex=None, packages_above=None, packages_above_and_dependencies=None, packages_above_depth=None, packages_select_by_dep=None, packages_skip_by_dep=None, packages_skip_up_to=None, packages_select_build_failed=False, packages_skip_build_finished=False, packages_select_test_failures=False, packages_skip_test_passed=False, packages_select=None, packages_skip=None, packages_select_regex=None, packages_skip_regex=None, packages_start=None, packages_end=None, allow_overriding=[], cmake_args=None, cmake_target=None, cmake_target_skip_unavailable=False, cmake_clean_cache=False, cmake_clean_first=False, cmake_force_configure=False, ament_cmake_args=None, catkin_cmake_args=None, catkin_skip_building_tests=False, mixin_files=None, mixin=None, verb_parser=<colcon_mixin.mixin.mixin_argument.MixinArgumentDecorator object at 0x747b8b15c3a0>, verb_extension=<colcon_core.verb.build.BuildVerb object at 0x747b8b133d60>, main=<bound method BuildVerb.main of <colcon_core.verb.build.BuildVerb object at 0x747b8b133d60>>, mixin_verb=('build',))
[0.391s] Level 1:colcon.colcon_core.package_discovery:discover_packages(colcon_meta) check parameters
[0.391s] Level 1:colcon.colcon_core.package_discovery:discover_packages(recursive) check parameters
[0.392s] Level 1:colcon.colcon_core.package_discovery:discover_packages(ignore) check parameters
[0.392s] Level 1:colcon.colcon_core.package_discovery:discover_packages(path) check parameters
[0.392s] Level 1:colcon.colcon_core.package_discovery:discover_packages(colcon_meta) discover
[0.392s] Level 1:colcon.colcon_core.package_discovery:discover_packages(recursive) discover
[0.392s] INFO:colcon.colcon_core.package_discovery:Crawling recursively for packages in '/home/sherlock/Documents/ros_ws'
[0.392s] Level 1:colcon.colcon_core.package_identification:_identify(.) by extensions ['ignore', 'ignore_ament_install']
[0.392s] Level 1:colcon.colcon_core.package_identification:_identify(.) by extension 'ignore'
[0.392s] Level 1:colcon.colcon_core.package_identification:_identify(.) by extension 'ignore_ament_install'
[0.392s] Level 1:colcon.colcon_core.package_identification:_identify(.) by extensions ['colcon_pkg']
[0.392s] Level 1:colcon.colcon_core.package_identification:_identify(.) by extension 'colcon_pkg'
[0.392s] Level 1:colcon.colcon_core.package_identification:_identify(.) by extensions ['colcon_meta']
[0.392s] Level 1:colcon.colcon_core.package_identification:_identify(.) by extension 'colcon_meta'
[0.392s] Level 1:colcon.colcon_core.package_identification:_identify(.) by extensions ['ros']
[0.392s] Level 1:colcon.colcon_core.package_identification:_identify(.) by extension 'ros'
[0.416s] Level 1:colcon.colcon_core.package_identification:_identify(.) by extensions ['cmake', 'python']
[0.416s] Level 1:colcon.colcon_core.package_identification:_identify(.) by extension 'cmake'
[0.416s] Level 1:colcon.colcon_core.package_identification:_identify(.) by extension 'python'
[0.416s] Level 1:colcon.colcon_core.package_identification:_identify(.) by extensions ['python_setup_py']
[0.416s] Level 1:colcon.colcon_core.package_identification:_identify(.) by extension 'python_setup_py'
[0.416s] Level 1:colcon.colcon_core.package_identification:_identify(build) by extensions ['ignore', 'ignore_ament_install']
[0.416s] Level 1:colcon.colcon_core.package_identification:_identify(build) by extension 'ignore'
[0.416s] Level 1:colcon.colcon_core.package_identification:_identify(build) ignored
[0.416s] Level 1:colcon.colcon_core.package_identification:_identify(install) by extensions ['ignore', 'ignore_ament_install']
[0.416s] Level 1:colcon.colcon_core.package_identification:_identify(install) by extension 'ignore'
[0.416s] Level 1:colcon.colcon_core.package_identification:_identify(install) ignored
[0.417s] Level 1:colcon.colcon_core.package_identification:_identify(log) by extensions ['ignore', 'ignore_ament_install']
[0.417s] Level 1:colcon.colcon_core.package_identification:_identify(log) by extension 'ignore'
[0.417s] Level 1:colcon.colcon_core.package_identification:_identify(log) ignored
[0.417s] Level 1:colcon.colcon_core.package_identification:_identify(src) by extensions ['ignore', 'ignore_ament_install']
[0.417s] Level 1:colcon.colcon_core.package_identification:_identify(src) by extension 'ignore'
[0.417s] Level 1:colcon.colcon_core.package_identification:_identify(src) by extension 'ignore_ament_install'
[0.417s] Level 1:colcon.colcon_core.package_identification:_identify(src) by extensions ['colcon_pkg']
[0.417s] Level 1:colcon.colcon_core.package_identification:_identify(src) by extension 'colcon_pkg'
[0.417s] Level 1:colcon.colcon_core.package_identification:_identify(src) by extensions ['colcon_meta']
[0.417s] Level 1:colcon.colcon_core.package_identification:_identify(src) by extension 'colcon_meta'
[0.417s] Level 1:colcon.colcon_core.package_identification:_identify(src) by extensions ['ros']
[0.417s] Level 1:colcon.colcon_core.package_identification:_identify(src) by extension 'ros'
[0.417s] Level 1:colcon.colcon_core.package_identification:_identify(src) by extensions ['cmake', 'python']
[0.417s] Level 1:colcon.colcon_core.package_identification:_identify(src) by extension 'cmake'
[0.417s] Level 1:colcon.colcon_core.package_identification:_identify(src) by extension 'python'
[0.417s] Level 1:colcon.colcon_core.package_identification:_identify(src) by extensions ['python_setup_py']
[0.417s] Level 1:colcon.colcon_core.package_identification:_identify(src) by extension 'python_setup_py'
[0.418s] Level 1:colcon.colcon_core.package_identification:_identify(src/my_robot) by extensions ['ignore', 'ignore_ament_install']
[0.418s] Level 1:colcon.colcon_core.package_identification:_identify(src/my_robot) by extension 'ignore'
[0.418s] Level 1:colcon.colcon_core.package_identification:_identify(src/my_robot) by extension 'ignore_ament_install'
[0.418s] Level 1:colcon.colcon_core.package_identification:_identify(src/my_robot) by extensions ['colcon_pkg']
[0.418s] Level 1:colcon.colcon_core.package_identification:_identify(src/my_robot) by extension 'colcon_pkg'
[0.418s] Level 1:colcon.colcon_core.package_identification:_identify(src/my_robot) by extensions ['colcon_meta']
[0.418s] Level 1:colcon.colcon_core.package_identification:_identify(src/my_robot) by extension 'colcon_meta'
[0.418s] Level 1:colcon.colcon_core.package_identification:_identify(src/my_robot) by extensions ['ros']
[0.418s] Level 1:colcon.colcon_core.package_identification:_identify(src/my_robot) by extension 'ros'
[0.421s] DEBUG:colcon.colcon_core.package_identification:Package 'src/my_robot' with type 'ros.ament_cmake' and name 'my_robot'
[0.421s] Level 1:colcon.colcon_core.package_discovery:discover_packages(recursive) using defaults
[0.421s] Level 1:colcon.colcon_core.package_discovery:discover_packages(ignore) discover
[0.421s] Level 1:colcon.colcon_core.package_discovery:discover_packages(ignore) using defaults
[0.421s] Level 1:colcon.colcon_core.package_discovery:discover_packages(path) discover
[0.421s] Level 1:colcon.colcon_core.package_discovery:discover_packages(path) using defaults
[0.444s] Level 1:colcon.colcon_core.package_discovery:discover_packages(prefix_path) check parameters
[0.444s] Level 1:colcon.colcon_core.package_discovery:discover_packages(prefix_path) discover
[0.448s] DEBUG:colcon.colcon_installed_package_information.package_discovery:Found 3 installed packages in /home/sherlock/turtlebot3_ws/install
[0.449s] DEBUG:colcon.colcon_installed_package_information.package_discovery:Found 5 installed packages in /home/sherlock/ROSII/install
[0.450s] DEBUG:colcon.colcon_installed_package_information.package_discovery:Found 0 installed packages in /home/sherlock/ROSII/src/my_robot_description/rviz/install
[0.451s] DEBUG:colcon.colcon_installed_package_information.package_discovery:Found 6 installed packages in /home/sherlock/Desktop/ros2_ws/install
[0.452s] DEBUG:colcon.colcon_installed_package_information.package_discovery:Found 1 installed packages in /home/sherlock/Documents/ros_ws/install
[0.456s] DEBUG:colcon.colcon_installed_package_information.package_discovery:Found 401 installed packages in /opt/ros/humble
[0.463s] Level 1:colcon.colcon_core.package_discovery:discover_packages(prefix_path) using defaults
[0.595s] Level 5:colcon.colcon_core.verb:set package 'my_robot' build argument 'cmake_args' from command line to 'None'
[0.595s] Level 5:colcon.colcon_core.verb:set package 'my_robot' build argument 'cmake_target' from command line to 'None'
[0.595s] Level 5:colcon.colcon_core.verb:set package 'my_robot' build argument 'cmake_target_skip_unavailable' from command line to 'False'
[0.595s] Level 5:colcon.colcon_core.verb:set package 'my_robot' build argument 'cmake_clean_cache' from command line to 'False'
[0.595s] Level 5:colcon.colcon_core.verb:set package 'my_robot' build argument 'cmake_clean_first' from command line to 'False'
[0.595s] Level 5:colcon.colcon_core.verb:set package 'my_robot' build argument 'cmake_force_configure' from command line to 'False'
[0.595s] Level 5:colcon.colcon_core.verb:set package 'my_robot' build argument 'ament_cmake_args' from command line to 'None'
[0.595s] Level 5:colcon.colcon_core.verb:set package 'my_robot' build argument 'catkin_cmake_args' from command line to 'None'
[0.595s] Level 5:colcon.colcon_core.verb:set package 'my_robot' build argument 'catkin_skip_building_tests' from command line to 'False'
[0.595s] DEBUG:colcon.colcon_core.verb:Building package 'my_robot' with the following arguments: {'ament_cmake_args': None, 'build_base': '/home/sherlock/Documents/ros_ws/build/my_robot', 'catkin_cmake_args': None, 'catkin_skip_building_tests': False, 'cmake_args': None, 'cmake_clean_cache': False, 'cmake_clean_first': False, 'cmake_force_configure': False, 'cmake_target': None, 'cmake_target_skip_unavailable': False, 'install_base': '/home/sherlock/Documents/ros_ws/install/my_robot', 'merge_install': False, 'path': '/home/sherlock/Documents/ros_ws/src/my_robot', 'symlink_install': True, 'test_result_base': None}
[0.596s] INFO:colcon.colcon_core.executor:Executing jobs using 'parallel' executor
[0.597s] DEBUG:colcon.colcon_parallel_executor.executor.parallel:run_until_complete
[0.598s] INFO:colcon.colcon_ros.task.ament_cmake.build:Building ROS package in '/home/sherlock/Documents/ros_ws/src/my_robot' with build type 'ament_cmake'
[0.598s] INFO:colcon.colcon_cmake.task.cmake.build:Building CMake package in '/home/sherlock/Documents/ros_ws/src/my_robot'
[0.602s] INFO:colcon.colcon_core.plugin_system:Skipping extension 'colcon_core.shell.bat': Not used on non-Windows systems
[0.602s] INFO:colcon.colcon_core.shell:Skip shell extension 'powershell' for command environment: Not usable outside of PowerShell
[0.602s] DEBUG:colcon.colcon_core.shell:Skip shell extension 'dsv' for command environment
[0.626s] DEBUG:colcon.colcon_core.event_handler.log_command:Invoking command in '/home/sherlock/Documents/ros_ws/build/my_robot': CMAKE_PREFIX_PATH=${CMAKE_PREFIX_PATH}:/home/sherlock/Desktop/ros2_ws/install/turtlesim_catch_them_all:/home/sherlock/Desktop/ros2_ws/install/sherlock_package:/home/sherlock/Desktop/ros2_ws/install/my_py_pkg:/home/sherlock/Desktop/ros2_ws/install/my_robot:/opt/ros/humble /usr/bin/cmake --build /home/sherlock/Documents/ros_ws/build/my_robot -- -j4 -l4
[0.674s] DEBUG:colcon.colcon_core.event_handler.log_command:Invoked command in '/home/sherlock/Documents/ros_ws/build/my_robot' returned '0': CMAKE_PREFIX_PATH=${CMAKE_PREFIX_PATH}:/home/sherlock/Desktop/ros2_ws/install/turtlesim_catch_them_all:/home/sherlock/Desktop/ros2_ws/install/sherlock_package:/home/sherlock/Desktop/ros2_ws/install/my_py_pkg:/home/sherlock/Desktop/ros2_ws/install/my_robot:/opt/ros/humble /usr/bin/cmake --build /home/sherlock/Documents/ros_ws/build/my_robot -- -j4 -l4
[0.718s] DEBUG:colcon.colcon_core.event_handler.log_command:Invoking command in '/home/sherlock/Documents/ros_ws/build/my_robot': CMAKE_PREFIX_PATH=${CMAKE_PREFIX_PATH}:/home/sherlock/Desktop/ros2_ws/install/turtlesim_catch_them_all:/home/sherlock/Desktop/ros2_ws/install/sherlock_package:/home/sherlock/Desktop/ros2_ws/install/my_py_pkg:/home/sherlock/Desktop/ros2_ws/install/my_robot:/opt/ros/humble /usr/bin/cmake --install /home/sherlock/Documents/ros_ws/build/my_robot
[0.752s] Level 1:colcon.colcon_core.environment:create_environment_scripts_only(my_robot)
[0.753s] DEBUG:colcon.colcon_core.event_handler.log_command:Invoked command in '/home/sherlock/Documents/ros_ws/build/my_robot' returned '0': CMAKE_PREFIX_PATH=${CMAKE_PREFIX_PATH}:/home/sherlock/Desktop/ros2_ws/install/turtlesim_catch_them_all:/home/sherlock/Desktop/ros2_ws/install/sherlock_package:/home/sherlock/Desktop/ros2_ws/install/my_py_pkg:/home/sherlock/Desktop/ros2_ws/install/my_robot:/opt/ros/humble /usr/bin/cmake --install /home/sherlock/Documents/ros_ws/build/my_robot
[0.757s] Level 1:colcon.colcon_core.environment:checking '/home/sherlock/Documents/ros_ws/install/my_robot' for CMake module files
[0.758s] Level 1:colcon.colcon_core.environment:checking '/home/sherlock/Documents/ros_ws/install/my_robot' for CMake config files
[0.758s] Level 1:colcon.colcon_core.shell:create_environment_hook('my_robot', 'cmake_prefix_path')
[0.759s] INFO:colcon.colcon_core.shell:Creating environment hook '/home/sherlock/Documents/ros_ws/install/my_robot/share/my_robot/hook/cmake_prefix_path.ps1'
[0.761s] INFO:colcon.colcon_core.shell:Creating environment descriptor '/home/sherlock/Documents/ros_ws/install/my_robot/share/my_robot/hook/cmake_prefix_path.dsv'
[0.761s] INFO:colcon.colcon_core.shell:Creating environment hook '/home/sherlock/Documents/ros_ws/install/my_robot/share/my_robot/hook/cmake_prefix_path.sh'
[0.763s] Level 1:colcon.colcon_core.environment:checking '/home/sherlock/Documents/ros_ws/install/my_robot/lib'
[0.763s] Level 1:colcon.colcon_core.environment:checking '/home/sherlock/Documents/ros_ws/install/my_robot/bin'
[0.763s] Level 1:colcon.colcon_core.environment:checking '/home/sherlock/Documents/ros_ws/install/my_robot/lib/pkgconfig/my_robot.pc'
[0.763s] Level 1:colcon.colcon_core.environment:checking '/home/sherlock/Documents/ros_ws/install/my_robot/lib/python3.10/site-packages'
[0.763s] Level 1:colcon.colcon_core.shell:create_environment_hook('my_robot', 'pythonpath')
[0.764s] INFO:colcon.colcon_core.shell:Creating environment hook '/home/sherlock/Documents/ros_ws/install/my_robot/share/my_robot/hook/pythonpath.ps1'
[0.764s] INFO:colcon.colcon_core.shell:Creating environment descriptor '/home/sherlock/Documents/ros_ws/install/my_robot/share/my_robot/hook/pythonpath.dsv'
[0.764s] INFO:colcon.colcon_core.shell:Creating environment hook '/home/sherlock/Documents/ros_ws/install/my_robot/share/my_robot/hook/pythonpath.sh'
[0.765s] Level 1:colcon.colcon_core.environment:checking '/home/sherlock/Documents/ros_ws/install/my_robot/bin'
[0.765s] INFO:colcon.colcon_core.shell:Creating package script '/home/sherlock/Documents/ros_ws/install/my_robot/share/my_robot/package.ps1'
[0.766s] INFO:colcon.colcon_core.shell:Creating package descriptor '/home/sherlock/Documents/ros_ws/install/my_robot/share/my_robot/package.dsv'
[0.767s] INFO:colcon.colcon_core.shell:Creating package script '/home/sherlock/Documents/ros_ws/install/my_robot/share/my_robot/package.sh'
[0.768s] INFO:colcon.colcon_core.shell:Creating package script '/home/sherlock/Documents/ros_ws/install/my_robot/share/my_robot/package.bash'
[0.769s] INFO:colcon.colcon_core.shell:Creating package script '/home/sherlock/Documents/ros_ws/install/my_robot/share/my_robot/package.zsh'
[0.769s] Level 1:colcon.colcon_core.environment:create_file_with_runtime_dependencies(/home/sherlock/Documents/ros_ws/install/my_robot/share/colcon-core/packages/my_robot)
[0.797s] Level 1:colcon.colcon_core.environment:create_environment_scripts_only(my_robot)
[0.798s] Level 1:colcon.colcon_core.environment:checking '/home/sherlock/Documents/ros_ws/install/my_robot' for CMake module files
[0.798s] Level 1:colcon.colcon_core.environment:checking '/home/sherlock/Documents/ros_ws/install/my_robot' for CMake config files
[0.799s] Level 1:colcon.colcon_core.shell:create_environment_hook('my_robot', 'cmake_prefix_path')
[0.799s] INFO:colcon.colcon_core.shell:Creating environment hook '/home/sherlock/Documents/ros_ws/install/my_robot/share/my_robot/hook/cmake_prefix_path.ps1'
[0.799s] INFO:colcon.colcon_core.shell:Creating environment descriptor '/home/sherlock/Documents/ros_ws/install/my_robot/share/my_robot/hook/cmake_prefix_path.dsv'
[0.800s] INFO:colcon.colcon_core.shell:Creating environment hook '/home/sherlock/Documents/ros_ws/install/my_robot/share/my_robot/hook/cmake_prefix_path.sh'
[0.800s] Level 1:colcon.colcon_core.environment:checking '/home/sherlock/Documents/ros_ws/install/my_robot/lib'
[0.800s] Level 1:colcon.colcon_core.environment:checking '/home/sherlock/Documents/ros_ws/install/my_robot/bin'
[0.801s] Level 1:colcon.colcon_core.environment:checking '/home/sherlock/Documents/ros_ws/install/my_robot/lib/pkgconfig/my_robot.pc'
[0.801s] Level 1:colcon.colcon_core.environment:checking '/home/sherlock/Documents/ros_ws/install/my_robot/lib/python3.10/site-packages'
[0.801s] Level 1:colcon.colcon_core.shell:create_environment_hook('my_robot', 'pythonpath')
[0.801s] INFO:colcon.colcon_core.shell:Creating environment hook '/home/sherlock/Documents/ros_ws/install/my_robot/share/my_robot/hook/pythonpath.ps1'
[0.802s] INFO:colcon.colcon_core.shell:Creating environment descriptor '/home/sherlock/Documents/ros_ws/install/my_robot/share/my_robot/hook/pythonpath.dsv'
[0.802s] INFO:colcon.colcon_core.shell:Creating environment hook '/home/sherlock/Documents/ros_ws/install/my_robot/share/my_robot/hook/pythonpath.sh'
[0.803s] Level 1:colcon.colcon_core.environment:checking '/home/sherlock/Documents/ros_ws/install/my_robot/bin'
[0.803s] INFO:colcon.colcon_core.shell:Creating package script '/home/sherlock/Documents/ros_ws/install/my_robot/share/my_robot/package.ps1'
[0.804s] INFO:colcon.colcon_core.shell:Creating package descriptor '/home/sherlock/Documents/ros_ws/install/my_robot/share/my_robot/package.dsv'
[0.805s] INFO:colcon.colcon_core.shell:Creating package script '/home/sherlock/Documents/ros_ws/install/my_robot/share/my_robot/package.sh'
[0.806s] INFO:colcon.colcon_core.shell:Creating package script '/home/sherlock/Documents/ros_ws/install/my_robot/share/my_robot/package.bash'
[0.806s] INFO:colcon.colcon_core.shell:Creating package script '/home/sherlock/Documents/ros_ws/install/my_robot/share/my_robot/package.zsh'
[0.807s] Level 1:colcon.colcon_core.environment:create_file_with_runtime_dependencies(/home/sherlock/Documents/ros_ws/install/my_robot/share/colcon-core/packages/my_robot)
[0.807s] DEBUG:colcon.colcon_parallel_executor.executor.parallel:closing loop
[0.807s] DEBUG:colcon.colcon_parallel_executor.executor.parallel:loop closed
[0.808s] DEBUG:colcon.colcon_parallel_executor.executor.parallel:run_until_complete finished with '0'
[0.808s] DEBUG:colcon.colcon_core.event_reactor:joining thread
[0.815s] INFO:colcon.colcon_core.plugin_system:Skipping extension 'colcon_notification.desktop_notification.terminal_notifier': Not used on non-Darwin systems
[0.815s] INFO:colcon.colcon_core.plugin_system:Skipping extension 'colcon_notification.desktop_notification.win32': Not used on non-Windows systems
[0.815s] INFO:colcon.colcon_notification.desktop_notification:Sending desktop notification using 'notify2'
[0.829s] DEBUG:colcon.colcon_core.event_reactor:joined thread
[0.829s] INFO:colcon.colcon_core.shell:Creating prefix script '/home/sherlock/Documents/ros_ws/install/local_setup.ps1'
[0.830s] INFO:colcon.colcon_core.shell:Creating prefix util module '/home/sherlock/Documents/ros_ws/install/_local_setup_util_ps1.py'
[0.832s] INFO:colcon.colcon_core.shell:Creating prefix chain script '/home/sherlock/Documents/ros_ws/install/setup.ps1'
[0.834s] INFO:colcon.colcon_core.shell:Creating prefix script '/home/sherlock/Documents/ros_ws/install/local_setup.sh'
[0.835s] INFO:colcon.colcon_core.shell:Creating prefix util module '/home/sherlock/Documents/ros_ws/install/_local_setup_util_sh.py'
[0.836s] INFO:colcon.colcon_core.shell:Creating prefix chain script '/home/sherlock/Documents/ros_ws/install/setup.sh'
[0.839s] INFO:colcon.colcon_core.shell:Creating prefix script '/home/sherlock/Documents/ros_ws/install/local_setup.bash'
[0.840s] INFO:colcon.colcon_core.shell:Creating prefix chain script '/home/sherlock/Documents/ros_ws/install/setup.bash'
[0.842s] INFO:colcon.colcon_core.shell:Creating prefix script '/home/sherlock/Documents/ros_ws/install/local_setup.zsh'
[0.843s] INFO:colcon.colcon_core.shell:Creating prefix chain script '/home/sherlock/Documents/ros_ws/install/setup.zsh'
