-- Found ament_cmake: 1.3.8 (/opt/ros/humble/share/ament_cmake/cmake)
-- Override CMake install command with custom implementation using symlinks instead of copying resources
-- Configuring done
-- Generating done
-- Build files have been written to: /home/sherlock/Documents/ros_ws/build/my_robot
-- Install configuration: ""
-- Execute custom install script
-- Symlinking: /home/sherlock/Documents/ros_ws/install/my_robot/share/my_robot//urdf/common_properties.xacro
-- Symlinking: /home/sherlock/Documents/ros_ws/install/my_robot/share/my_robot//urdf/data.xacro
-- Symlinking: /home/sherlock/Documents/ros_ws/install/my_robot/share/my_robot//urdf/my_robot.urdf.xacro
-- Symlinking: /home/sherlock/Documents/ros_ws/install/my_robot/share/ament_index/resource_index/package_run_dependencies/my_robot
-- Symlinking: /home/sherlock/Documents/ros_ws/install/my_robot/share/ament_index/resource_index/parent_prefix_path/my_robot
-- Symlinking: /home/sherlock/Documents/ros_ws/install/my_robot/share/my_robot/environment/ament_prefix_path.sh
-- Symlinking: /home/sherlock/Documents/ros_ws/install/my_robot/share/my_robot/environment/ament_prefix_path.dsv
-- Symlinking: /home/sherlock/Documents/ros_ws/install/my_robot/share/my_robot/environment/path.sh
-- Symlinking: /home/sherlock/Documents/ros_ws/install/my_robot/share/my_robot/environment/path.dsv
-- Symlinking: /home/sherlock/Documents/ros_ws/install/my_robot/share/my_robot/local_setup.bash
-- Symlinking: /home/sherlock/Documents/ros_ws/install/my_robot/share/my_robot/local_setup.sh
-- Symlinking: /home/sherlock/Documents/ros_ws/install/my_robot/share/my_robot/local_setup.zsh
-- Symlinking: /home/sherlock/Documents/ros_ws/install/my_robot/share/my_robot/local_setup.dsv
-- Symlinking: /home/sherlock/Documents/ros_ws/install/my_robot/share/my_robot/package.dsv
-- Symlinking: /home/sherlock/Documents/ros_ws/install/my_robot/share/ament_index/resource_index/packages/my_robot
-- Symlinking: /home/sherlock/Documents/ros_ws/install/my_robot/share/my_robot/cmake/my_robotConfig.cmake
-- Symlinking: /home/sherlock/Documents/ros_ws/install/my_robot/share/my_robot/cmake/my_robotConfig-version.cmake
-- Symlinking: /home/sherlock/Documents/ros_ws/install/my_robot/share/my_robot/package.xml
